<?xml version="1.0" encoding="UTF-8"?>
<testExecutions version="1">
  <file path="E:\PROJECTS\GITHUB\vscode-reveal\src\test\UnitTests\logger.jest.ts">
    <testCase name="Logger should Not log when level is debug" duration="21"/>
    <testCase name="Logger should log error when level is error" duration="1"/>
    <testCase name="Logger should NOT log when level is none" duration="1"/>
    <testCase name="Logger should log error when level is warning" duration="0"/>
    <testCase name="Logger should log when level is info" duration="0"/>
  </file>
  <file path="E:\PROJECTS\GITHUB\vscode-reveal\src\test\UnitTests\findTitle.jest.ts">
    <testCase name="Should retrieve title from content" duration="4"/>
  </file>
  <file path="E:\PROJECTS\GITHUB\vscode-reveal\src\test\UnitTests\slideparser.jest.ts">
    <testCase name="Parse Slide content" duration="1"/>
    <testCase name="Check slide 1" duration="2"/>
    <testCase name="Check slide 2" duration="0"/>
    <testCase name="Check slide 3.0" duration="6"/>
    <testCase name="Should count horizontal slides" duration="0"/>
    <testCase name="Should count vertical slides" duration="0"/>
    <testCase name="Slides should have correct number of lines" duration="1"/>
    <testCase name="Count line to slide 1" duration="0"/>
    <testCase name="Count line to slide 2" duration="1"/>
    <testCase name="Count line to slide 3" duration="0"/>
    <testCase name="Count line to slide 3.1" duration="1"/>
    <testCase name="Count line to slide 3.2" duration="0"/>
    <testCase name="Extract slide attributes" duration="1"/>
  </file>
  <file path="E:\PROJECTS\GITHUB\vscode-reveal\src\test\UnitTests\NotTestedYet.jest.ts">
    <testCase name="NOTHING HERE" duration="2"/>
  </file>
  <file path="E:\PROJECTS\GITHUB\vscode-reveal\src\test\UnitTests\CompletionItemProvider.jest.ts">
    <testCase name="Should createCompletionItems from configDesc" duration="4"/>
  </file>
  <file path="E:\PROJECTS\GITHUB\vscode-reveal\src\test\UnitTests\RevealServer.jest.ts">
    <testCase name="Default state" duration="2"/>
    <testCase name="Start should return uri and trigger onDidStart" duration="14"/>
    <testCase name="Stop should trigger onDidStop only when server is listening" duration="0"/>
    <testCase name="Request root" duration="73"/>
    <testCase name="Request with export" duration="11"/>
  </file>
</testExecutions>