<?xml version="1.0" encoding="UTF-8"?>
<testExecutions version="1">
  <file path="C:\DATA\GITHUB\vscode-reveal\src\test\UnitTests\WebviewPane.jest.ts">
    <testCase name="Set title of webviewpane" duration="3"/>
    <testCase name="Dispose should trigger onDidDispose" duration="1"/>
    <testCase name="Update should trigger onDidUpdate" duration="1"/>
  </file>
  <file path="C:\DATA\GITHUB\vscode-reveal\src\test\UnitTests\NotTestedYet.jest.ts">
    <testCase name="NOTHING HERE" duration="2"/>
  </file>
  <file path="C:\DATA\GITHUB\vscode-reveal\src\test\UnitTests\MainController.jest.ts">
  </file>
</testExecutions>